  getbmp.cpp
C:\Users\Jacob\Documents\Files\Uni Work\322\322Final\322_Coursework2Backup6\322_Coursework2Backup2\322_Coursework2\TerrainShaderized\TerrainShaderized\getbmp.cpp(22,2): warning C4002: too many arguments for function-like macro invocation 'assert'
C:\Users\Jacob\Documents\Files\Uni Work\322\322Final\322_Coursework2Backup6\322_Coursework2Backup2\322_Coursework2\TerrainShaderized\TerrainShaderized\getbmp.cpp(23,2): warning C4002: too many arguments for function-like macro invocation 'assert'
  Globals.cpp
  Grid.cpp
C:\Users\Jacob\Documents\Files\Uni Work\322\322Final\322_Coursework2Backup6\322_Coursework2Backup2\322_Coursework2\TerrainShaderized\TerrainShaderized\Grid.cpp(41,13): warning C4244: 'initializing': conversion from 'float' to 'int', possible loss of data
C:\Users\Jacob\Documents\Files\Uni Work\322\322Final\322_Coursework2Backup6\322_Coursework2Backup2\322_Coursework2\TerrainShaderized\TerrainShaderized\Grid.cpp(48,14): warning C4244: 'initializing': conversion from 'float' to 'int', possible loss of data
C:\Users\Jacob\Documents\Files\Uni Work\322\322Final\322_Coursework2Backup6\322_Coursework2Backup2\322_Coursework2\TerrainShaderized\TerrainShaderized\Grid.cpp(54,15): warning C4244: 'initializing': conversion from 'float' to 'int', possible loss of data
C:\Users\Jacob\Documents\Files\Uni Work\322\322Final\322_Coursework2Backup6\322_Coursework2Backup2\322_Coursework2\TerrainShaderized\TerrainShaderized\Grid.cpp(59,16): warning C4244: 'initializing': conversion from 'float' to 'int', possible loss of data
C:\Users\Jacob\Documents\Files\Uni Work\322\322Final\322_Coursework2Backup6\322_Coursework2Backup2\322_Coursework2\TerrainShaderized\TerrainShaderized\Grid.cpp(71,16): warning C4244: 'initializing': conversion from 'int' to 'float', possible loss of data
C:\Users\Jacob\Documents\Files\Uni Work\322\322Final\322_Coursework2Backup6\322_Coursework2Backup2\322_Coursework2\TerrainShaderized\TerrainShaderized\Grid.cpp(73,10): warning C4244: 'initializing': conversion from 'float' to 'int', possible loss of data
C:\Users\Jacob\Documents\Files\Uni Work\322\322Final\322_Coursework2Backup6\322_Coursework2Backup2\322_Coursework2\TerrainShaderized\TerrainShaderized\Grid.cpp(78,10): warning C4244: 'initializing': conversion from 'float' to 'int', possible loss of data
C:\Users\Jacob\Documents\Files\Uni Work\322\322Final\322_Coursework2Backup6\322_Coursework2Backup2\322_Coursework2\TerrainShaderized\TerrainShaderized\Grid.cpp(81,10): warning C4244: 'initializing': conversion from 'float' to 'int', possible loss of data
C:\Users\Jacob\Documents\Files\Uni Work\322\322Final\322_Coursework2Backup6\322_Coursework2Backup2\322_Coursework2\TerrainShaderized\TerrainShaderized\Grid.cpp(86,10): warning C4244: 'initializing': conversion from 'float' to 'int', possible loss of data
C:\Users\Jacob\Documents\Files\Uni Work\322\322Final\322_Coursework2Backup6\322_Coursework2Backup2\322_Coursework2\TerrainShaderized\TerrainShaderized\Grid.cpp(232,22): warning C4244: '=': conversion from 'double' to 'float', possible loss of data
  Square.cpp
  TerrainGeneration.cpp
C:\Users\Jacob\Documents\Files\Uni Work\322\322Final\322_Coursework2Backup6\322_Coursework2Backup2\322_Coursework2\TerrainShaderized\TerrainShaderized\TerrainGeneration.cpp(229,12): warning C4244: '=': conversion from 'int' to 'float', possible loss of data
C:\Users\Jacob\Documents\Files\Uni Work\322\322Final\322_Coursework2Backup6\322_Coursework2Backup2\322_Coursework2\TerrainShaderized\TerrainShaderized\TerrainGeneration.cpp(230,12): warning C4244: '=': conversion from 'int' to 'float', possible loss of data
C:\Users\Jacob\Documents\Files\Uni Work\322\322Final\322_Coursework2Backup6\322_Coursework2Backup2\322_Coursework2\TerrainShaderized\TerrainShaderized\TerrainGeneration.cpp(236,11): warning C4244: '=': conversion from 'int' to 'float', possible loss of data
C:\Users\Jacob\Documents\Files\Uni Work\322\322Final\322_Coursework2Backup6\322_Coursework2Backup2\322_Coursework2\TerrainShaderized\TerrainShaderized\TerrainGeneration.cpp(237,11): warning C4244: '=': conversion from 'int' to 'float', possible loss of data
C:\Users\Jacob\Documents\Files\Uni Work\322\322Final\322_Coursework2Backup6\322_Coursework2Backup2\322_Coursework2\TerrainShaderized\TerrainShaderized\TerrainGeneration.cpp(259,21): warning C4244: '=': conversion from 'int' to 'float', possible loss of data
C:\Users\Jacob\Documents\Files\Uni Work\322\322Final\322_Coursework2Backup6\322_Coursework2Backup2\322_Coursework2\TerrainShaderized\TerrainShaderized\TerrainGeneration.cpp(260,22): warning C4244: '=': conversion from 'int' to 'float', possible loss of data
C:\Users\Jacob\Documents\Files\Uni Work\322\322Final\322_Coursework2Backup6\322_Coursework2Backup2\322_Coursework2\TerrainShaderized\TerrainShaderized\TerrainGeneration.cpp(264,21): warning C4244: '=': conversion from 'int' to 'float', possible loss of data
C:\Users\Jacob\Documents\Files\Uni Work\322\322Final\322_Coursework2Backup6\322_Coursework2Backup2\322_Coursework2\TerrainShaderized\TerrainShaderized\TerrainGeneration.cpp(265,22): warning C4244: '=': conversion from 'int' to 'float', possible loss of data
C:\Users\Jacob\Documents\Files\Uni Work\322\322Final\322_Coursework2Backup6\322_Coursework2Backup2\322_Coursework2\TerrainShaderized\TerrainShaderized\TerrainGeneration.cpp(330,11): warning C4244: 'initializing': conversion from 'time_t' to 'int', possible loss of data
C:\Users\Jacob\Documents\Files\Uni Work\322\322Final\322_Coursework2Backup6\322_Coursework2Backup2\322_Coursework2\TerrainShaderized\TerrainShaderized\TerrainGeneration.cpp(413,44): warning C4316: 'Grid': object allocated on the heap may not be aligned 16
C:\Users\Jacob\Documents\Files\Uni Work\322\322Final\322_Coursework2Backup6\322_Coursework2Backup2\322_Coursework2\TerrainShaderized\TerrainShaderized\TerrainGeneration.cpp(415,33): warning C4316: 'Grid': object allocated on the heap may not be aligned 16
C:\Users\Jacob\Documents\Files\Uni Work\322\322Final\322_Coursework2Backup6\322_Coursework2Backup2\322_Coursework2\TerrainShaderized\TerrainShaderized\TerrainGeneration.cpp(429,35): warning C4305: 'argument': truncation from 'double' to 'GLclampf'
C:\Users\Jacob\Documents\Files\Uni Work\322\322Final\322_Coursework2Backup6\322_Coursework2Backup2\322_Coursework2\TerrainShaderized\TerrainShaderized\TerrainGeneration.cpp(486,20): warning C4018: '<': signed/unsigned mismatch
C:\Users\Jacob\Documents\Files\Uni Work\322\322Final\322_Coursework2Backup6\322_Coursework2Backup2\322_Coursework2\TerrainShaderized\TerrainShaderized\TerrainGeneration.cpp(489,20): warning C4018: '<': signed/unsigned mismatch
C:\Users\Jacob\Documents\Files\Uni Work\322\322Final\322_Coursework2Backup6\322_Coursework2Backup2\322_Coursework2\TerrainShaderized\TerrainShaderized\TerrainGeneration.cpp(505,21): warning C4018: '<': signed/unsigned mismatch
C:\Users\Jacob\Documents\Files\Uni Work\322\322Final\322_Coursework2Backup6\322_Coursework2Backup2\322_Coursework2\TerrainShaderized\TerrainShaderized\TerrainGeneration.cpp(523,9): warning C4244: 'initializing': conversion from 'T' to 'int', possible loss of data
          with
          [
              T=float
          ]
C:\Users\Jacob\Documents\Files\Uni Work\322\322Final\322_Coursework2Backup6\322_Coursework2Backup2\322_Coursework2\TerrainShaderized\TerrainShaderized\TerrainGeneration.cpp(524,9): warning C4244: 'initializing': conversion from 'T' to 'int', possible loss of data
          with
          [
              T=float
          ]
C:\Users\Jacob\Documents\Files\Uni Work\322\322Final\322_Coursework2Backup6\322_Coursework2Backup2\322_Coursework2\TerrainShaderized\TerrainShaderized\TerrainGeneration.cpp(614,14): warning C4244: '=': conversion from 'time_t' to 'int', possible loss of data
C:\Users\Jacob\Documents\Files\Uni Work\322\322Final\322_Coursework2Backup6\322_Coursework2Backup2\322_Coursework2\TerrainShaderized\TerrainShaderized\TerrainGeneration.cpp(615,39): warning C4244: '+=': conversion from 'float' to 'int', possible loss of data
C:\Users\Jacob\Documents\Files\Uni Work\322\322Final\322_Coursework2Backup6\322_Coursework2Backup2\322_Coursework2\TerrainShaderized\TerrainShaderized\TerrainGeneration.cpp(623,21): warning C4018: '<': signed/unsigned mismatch
C:\Users\Jacob\Documents\Files\Uni Work\322\322Final\322_Coursework2Backup6\322_Coursework2Backup2\322_Coursework2\TerrainShaderized\TerrainShaderized\TerrainGeneration.cpp(665,29): warning C4244: '=': conversion from 'int' to 'float', possible loss of data
C:\Users\Jacob\Documents\Files\Uni Work\322\322Final\322_Coursework2Backup6\322_Coursework2Backup2\322_Coursework2\TerrainShaderized\TerrainShaderized\TerrainGeneration.cpp(669,30): warning C4244: '=': conversion from 'int' to 'float', possible loss of data
  Tree.cpp
C:\Users\Jacob\Documents\Files\Uni Work\322\322Final\322_Coursework2Backup6\322_Coursework2Backup2\322_Coursework2\TerrainShaderized\TerrainShaderized\Tree.cpp(18,37): warning C4244: '=': conversion from 'float' to 'int', possible loss of data
C:\Users\Jacob\Documents\Files\Uni Work\322\322Final\322_Coursework2Backup6\322_Coursework2Backup2\322_Coursework2\TerrainShaderized\TerrainShaderized\Tree.cpp(36,30): warning C4244: '=': conversion from 'double' to 'float', possible loss of data
C:\Users\Jacob\Documents\Files\Uni Work\322\322Final\322_Coursework2Backup6\322_Coursework2Backup2\322_Coursework2\TerrainShaderized\TerrainShaderized\Tree.cpp(37,30): warning C4244: '=': conversion from 'double' to 'float', possible loss of data
C:\Users\Jacob\Documents\Files\Uni Work\322\322Final\322_Coursework2Backup6\322_Coursework2Backup2\322_Coursework2\TerrainShaderized\TerrainShaderized\Tree.cpp(47,36): warning C4244: '=': conversion from 'double' to 'float', possible loss of data
C:\Users\Jacob\Documents\Files\Uni Work\322\322Final\322_Coursework2Backup6\322_Coursework2Backup2\322_Coursework2\TerrainShaderized\TerrainShaderized\Tree.cpp(49,36): warning C4244: '=': conversion from 'double' to 'float', possible loss of data
C:\Users\Jacob\Documents\Files\Uni Work\322\322Final\322_Coursework2Backup6\322_Coursework2Backup2\322_Coursework2\TerrainShaderized\TerrainShaderized\Tree.cpp(116,36): warning C4305: '=': truncation from 'double' to 'float'
C:\Users\Jacob\Documents\Files\Uni Work\322\322Final\322_Coursework2Backup6\322_Coursework2Backup2\322_Coursework2\TerrainShaderized\TerrainShaderized\Tree.cpp(117,36): warning C4305: '=': truncation from 'double' to 'float'
C:\Users\Jacob\Documents\Files\Uni Work\322\322Final\322_Coursework2Backup6\322_Coursework2Backup2\322_Coursework2\TerrainShaderized\TerrainShaderized\Tree.cpp(118,37): warning C4305: '=': truncation from 'double' to 'float'
C:\Users\Jacob\Documents\Files\Uni Work\322\322Final\322_Coursework2Backup6\322_Coursework2Backup2\322_Coursework2\TerrainShaderized\TerrainShaderized\Tree.cpp(108,9): warning C4101: 'count': unreferenced local variable
C:\Users\Jacob\Documents\Files\Uni Work\322\322Final\322_Coursework2Backup6\322_Coursework2Backup2\322_Coursework2\TerrainShaderized\TerrainShaderized\Tree.cpp(185,18): warning C4244: 'initializing': conversion from 'float' to 'int', possible loss of data
SOIL.lib(SOIL.obj) : warning LNK4075: ignoring '/EDITANDCONTINUE' due to '/OPT:ICF' specification
LINK : warning LNK4098: defaultlib 'MSVCRTD' conflicts with use of other libs; use /NODEFAULTLIB:library
  Generating code
  Previous IPDB not found, fall back to full compilation.
  All 625 functions were compiled because no usable IPDB/IOBJ from previous compilation was found.
  Finished generating code
SOIL.lib(image_DXT.obj) : warning LNK4099: PDB 'SOIL.pdb' was not found with 'SOIL.lib(image_DXT.obj)' or at 'C:\Users\Jacob\Documents\Files\Uni Work\322\322Final\322_Coursework2Backup6\322_Coursework2Backup2\322_Coursework2\TerrainShaderized\TerrainShaderized\Release\SOIL.pdb'; linking object as if no debug info
SOIL.lib(image_helper.obj) : warning LNK4099: PDB 'SOIL.pdb' was not found with 'SOIL.lib(image_helper.obj)' or at 'C:\Users\Jacob\Documents\Files\Uni Work\322\322Final\322_Coursework2Backup6\322_Coursework2Backup2\322_Coursework2\TerrainShaderized\TerrainShaderized\Release\SOIL.pdb'; linking object as if no debug info
SOIL.lib(SOIL.obj) : warning LNK4099: PDB 'SOIL.pdb' was not found with 'SOIL.lib(SOIL.obj)' or at 'C:\Users\Jacob\Documents\Files\Uni Work\322\322Final\322_Coursework2Backup6\322_Coursework2Backup2\322_Coursework2\TerrainShaderized\TerrainShaderized\Release\SOIL.pdb'; linking object as if no debug info
SOIL.lib(stb_image_aug.obj) : warning LNK4099: PDB 'SOIL.pdb' was not found with 'SOIL.lib(stb_image_aug.obj)' or at 'C:\Users\Jacob\Documents\Files\Uni Work\322\322Final\322_Coursework2Backup6\322_Coursework2Backup2\322_Coursework2\TerrainShaderized\TerrainShaderized\Release\SOIL.pdb'; linking object as if no debug info
  TerrainShaderized.vcxproj -> C:\Users\Jacob\Documents\Files\Uni Work\322\322Final\322_Coursework2Backup6\322_Coursework2Backup2\322_Coursework2\TerrainShaderized\TerrainShaderized\Release\TerrainShaderized.exe
