c:\users\jacob\documents\files\uni work\322\322_coursework2backup6\322_coursework2backup2\322_coursework2\terrainshaderized\terrainshaderized\release\vc142.pdb
c:\users\jacob\documents\files\uni work\322\322_coursework2backup6\322_coursework2backup2\322_coursework2\terrainshaderized\terrainshaderized\release\tree.obj
c:\users\jacob\documents\files\uni work\322\322_coursework2backup6\322_coursework2backup2\322_coursework2\terrainshaderized\terrainshaderized\release\terraingeneration.obj
c:\users\jacob\documents\files\uni work\322\322_coursework2backup6\322_coursework2backup2\322_coursework2\terrainshaderized\terrainshaderized\release\square.obj
c:\users\jacob\documents\files\uni work\322\322_coursework2backup6\322_coursework2backup2\322_coursework2\terrainshaderized\terrainshaderized\release\grid.obj
c:\users\jacob\documents\files\uni work\322\322_coursework2backup6\322_coursework2backup2\322_coursework2\terrainshaderized\terrainshaderized\release\globals.obj
c:\users\jacob\documents\files\uni work\322\322_coursework2backup6\322_coursework2backup2\322_coursework2\terrainshaderized\terrainshaderized\release\getbmp.obj
c:\users\jacob\documents\files\uni work\322\322final\322_coursework2backup6\322_coursework2backup2\322_coursework2\terrainshaderized\terrainshaderized\release\vc142.pdb
c:\users\jacob\documents\files\uni work\322\322final\322_coursework2backup6\322_coursework2backup2\322_coursework2\terrainshaderized\terrainshaderized\release\tree.obj
c:\users\jacob\documents\files\uni work\322\322final\322_coursework2backup6\322_coursework2backup2\322_coursework2\terrainshaderized\terrainshaderized\release\terraingeneration.obj
c:\users\jacob\documents\files\uni work\322\322final\322_coursework2backup6\322_coursework2backup2\322_coursework2\terrainshaderized\terrainshaderized\release\square.obj
c:\users\jacob\documents\files\uni work\322\322final\322_coursework2backup6\322_coursework2backup2\322_coursework2\terrainshaderized\terrainshaderized\release\grid.obj
c:\users\jacob\documents\files\uni work\322\322final\322_coursework2backup6\322_coursework2backup2\322_coursework2\terrainshaderized\terrainshaderized\release\globals.obj
c:\users\jacob\documents\files\uni work\322\322final\322_coursework2backup6\322_coursework2backup2\322_coursework2\terrainshaderized\terrainshaderized\release\getbmp.obj
c:\users\jacob\documents\files\uni work\322\322_coursework2backup6\322_coursework2backup2\322_coursework2\terrainshaderized\terrainshaderized\release\terrainshaderized.exe
c:\users\jacob\documents\files\uni work\322\322_coursework2backup6\322_coursework2backup2\322_coursework2\terrainshaderized\terrainshaderized\release\terrainshaderized.pdb
c:\users\jacob\documents\files\uni work\322\322_coursework2backup6\322_coursework2backup2\322_coursework2\terrainshaderized\terrainshaderized\release\terrainshaderized.ipdb
c:\users\jacob\documents\files\uni work\322\322_coursework2backup6\322_coursework2backup2\322_coursework2\terrainshaderized\terrainshaderized\release\terrainshaderized.iobj
c:\users\jacob\documents\files\uni work\322\322final\322_coursework2backup6\322_coursework2backup2\322_coursework2\terrainshaderized\terrainshaderized\release\texturecube.obj
c:\users\jacob\documents\files\uni work\322\322final\322_coursework2backup6\322_coursework2backup2\322_coursework2\terrainshaderized\terrainshaderized\release\texvertex.obj
c:\users\jacob\documents\files\uni work\322\322final\322_coursework2backup6\322_coursework2backup2\322_coursework2\terrainshaderized\terrainshaderized\release\terrainshaderized.ipdb
c:\users\jacob\documents\files\uni work\322\322final\322_coursework2backup6\322_coursework2backup2\322_coursework2\terrainshaderized\terrainshaderized\release\terrainshaderized.iobj
c:\users\jacob\documents\files\uni work\322\322final\322_coursework2backup6\322_coursework2backup2\322_coursework2\terrainshaderized\terrainshaderized\release\terrainshaderized.pdb
c:\users\jacob\documents\files\uni work\322\322final\322_coursework2backup6\322_coursework2backup2\322_coursework2\terrainshaderized\terrainshaderized\release\terrainshaderized.exe
c:\users\jacob\documents\files\uni work\322\322final\322_coursework2backup6\322_coursework2backup2\322_coursework2\terrainshaderized\terrainshaderized\release\terrains.0307ce74.tlog\cl.command.1.tlog
c:\users\jacob\documents\files\uni work\322\322final\322_coursework2backup6\322_coursework2backup2\322_coursework2\terrainshaderized\terrainshaderized\release\terrains.0307ce74.tlog\cl.read.1.tlog
c:\users\jacob\documents\files\uni work\322\322final\322_coursework2backup6\322_coursework2backup2\322_coursework2\terrainshaderized\terrainshaderized\release\terrains.0307ce74.tlog\cl.write.1.tlog
c:\users\jacob\documents\files\uni work\322\322final\322_coursework2backup6\322_coursework2backup2\322_coursework2\terrainshaderized\terrainshaderized\release\terrains.0307ce74.tlog\link.command.1.tlog
c:\users\jacob\documents\files\uni work\322\322final\322_coursework2backup6\322_coursework2backup2\322_coursework2\terrainshaderized\terrainshaderized\release\terrains.0307ce74.tlog\link.delete.1.tlog
c:\users\jacob\documents\files\uni work\322\322final\322_coursework2backup6\322_coursework2backup2\322_coursework2\terrainshaderized\terrainshaderized\release\terrains.0307ce74.tlog\link.read.1.tlog
c:\users\jacob\documents\files\uni work\322\322final\322_coursework2backup6\322_coursework2backup2\322_coursework2\terrainshaderized\terrainshaderized\release\terrains.0307ce74.tlog\link.write.1.tlog
c:\users\jacob\documents\files\uni work\322\322final\322_coursework2backup6\322_coursework2backup2\322_coursework2\terrainshaderized\terrainshaderized\release\terrains.0307ce74.tlog\terrainshaderized.write.1u.tlog
